<?xml version="1.0" encoding="UTF-8"?>
<!-- Generated by org.testng.reporters.JUnitXMLReporter -->
<testsuite ignored="0" hostname="LAPTOP-LP35I31E" failures="0" tests="5" name="smoke testing" time="0.085" errors="0" timestamp="2024-05-05T18:53:26 IST">
  <testcase classname="testng_prc.Parameters" name="empcreation" time="0.01"/>
  <testcase classname="testng_prc.Parameters" name="empcreation" time="0.001"/>
  <testcase classname="testng_prc.AssertPRC" name="validation" time="0.005"/>
  <testcase classname="testng_prc.TestngPRC" name="mul" time="0.001"/>
  <testcase classname="testng_prc.TestngPRC" name="sub" time="0.002"/>
</testsuite> <!-- smoke testing -->
